Using pre-set license
Built from '2020.3/staging' branch; Version is '2020.3.30f1 (1fb1bf06830e) revision 2077119'; Using compiler version '192528614'; Build Type 'Release'
OS: 'Windows 10  (10.0.19043) 64bit Core' Language: 'zh' Physical Memory: 15792 MB
BatchMode: 1, IsHumanControllingUs: 0, StartBugReporterOnCrash: 0, Is64bit: 1, IsPro: 0

COMMAND LINE ARGUMENTS:
C:\Program Files\Unity\Hub\Editor\2020.3.30f1\Editor\Unity.exe
-adb2
-batchMode
-noUpm
-name
AssetImportWorker0
-projectPath
C:/Users/Tai/Desktop/UnityCam-master/UnitySample
-logFile
Logs/AssetImportWorker0.log
-srvPort
54107
Successfully changed project path to: C:/Users/Tai/Desktop/UnityCam-master/UnitySample
C:/Users/Tai/Desktop/UnityCam-master/UnitySample
Using Asset Import Pipeline V2.
Refreshing native plugins compatible for Editor in 76.56 ms, found 3 plugins.
Preloading 0 native plugins for Editor in 0.00 ms.
Initialize engine version: 2020.3.30f1 (1fb1bf06830e)
[Subsystems] Discovering subsystems at path C:/Program Files/Unity/Hub/Editor/2020.3.30f1/Editor/Data/Resources/UnitySubsystems
[Subsystems] Discovering subsystems at path C:/Users/Tai/Desktop/UnityCam-master/UnitySample/Assets
GfxDevice: creating device client; threaded=0
Direct3D:
    Version:  Direct3D 11.0 [level 11.1]
    Renderer: NVIDIA GeForce RTX 3060 Laptop GPU (ID=0x2520)
    Vendor:   
    VRAM:     6023 MB
    Driver:   30.0.14.9649
Initialize mono
Mono path[0] = 'C:/Program Files/Unity/Hub/Editor/2020.3.30f1/Editor/Data/Managed'
Mono path[1] = 'C:/Program Files/Unity/Hub/Editor/2020.3.30f1/Editor/Data/MonoBleedingEdge/lib/mono/unityjit'
Mono config path = 'C:/Program Files/Unity/Hub/Editor/2020.3.30f1/Editor/Data/MonoBleedingEdge/etc'
Using monoOptions --debugger-agent=transport=dt_socket,embedding=1,server=y,suspend=n,address=127.0.0.1:56788
Begin MonoManager ReloadAssembly
Registering precompiled unity dll's ...
Register platform support module: C:/Program Files/Unity/Hub/Editor/2020.3.30f1/Editor/Data/PlaybackEngines/WebGLSupport/UnityEditor.WebGL.Extensions.dll
Register platform support module: C:/Program Files/Unity/Hub/Editor/2020.3.30f1/Editor/Data/PlaybackEngines/WindowsStandaloneSupport/UnityEditor.WindowsStandalone.Extensions.dll
Registered in 0.004002 seconds.
Native extension for WindowsStandalone target not found
Native extension for WebGL target not found
Refreshing native plugins compatible for Editor in 64.06 ms, found 3 plugins.
Preloading 0 native plugins for Editor in 0.00 ms.
Mono: successfully reloaded assembly
- Completed reload, in  1.274 seconds
Domain Reload Profiling:
	ReloadAssembly (1275ms)
		BeginReloadAssembly (159ms)
			ExecutionOrderSort (0ms)
			DisableScriptedObjects (0ms)
			BackupInstance (0ms)
			ReleaseScriptingObjects (0ms)
			CreateAndSetChildDomain (2ms)
		EndReloadAssembly (965ms)
			LoadAssemblies (155ms)
			RebuildTransferFunctionScriptingTraits (0ms)
			SetupTypeCache (349ms)
			ReleaseScriptCaches (0ms)
			RebuildScriptCaches (47ms)
			SetupLoadedEditorAssemblies (338ms)
				LogAssemblyErrors (0ms)
				InitializePlatformSupportModulesInManaged (9ms)
				SetLoadedEditorAssemblies (0ms)
				RefreshPlugins (64ms)
				BeforeProcessingInitializeOnLoad (25ms)
				ProcessInitializeOnLoadAttributes (176ms)
				ProcessInitializeOnLoadMethodAttributes (63ms)
				AfterProcessingInitializeOnLoad (0ms)
				EditorAssembliesLoaded (0ms)
			ExecutionOrderSort2 (0ms)
			AwakeInstancesAfterBackupRestoration (0ms)
Platform modules already initialized, skipping
Registering precompiled user dll's ...
Registered in 0.012159 seconds.
Begin MonoManager ReloadAssembly
Native extension for WindowsStandalone target not found
Native extension for WebGL target not found
Refreshing native plugins compatible for Editor in 5.52 ms, found 3 plugins.
Preloading 0 native plugins for Editor in 0.00 ms.
Mono: successfully reloaded assembly
- Completed reload, in  2.214 seconds
Domain Reload Profiling:
	ReloadAssembly (2218ms)
		BeginReloadAssembly (338ms)
			ExecutionOrderSort (0ms)
			DisableScriptedObjects (6ms)
			BackupInstance (0ms)
			ReleaseScriptingObjects (0ms)
			CreateAndSetChildDomain (60ms)
		EndReloadAssembly (1758ms)
			LoadAssemblies (274ms)
			RebuildTransferFunctionScriptingTraits (0ms)
			SetupTypeCache (658ms)
			ReleaseScriptCaches (3ms)
			RebuildScriptCaches (88ms)
			SetupLoadedEditorAssemblies (639ms)
				LogAssemblyErrors (0ms)
				InitializePlatformSupportModulesInManaged (10ms)
				SetLoadedEditorAssemblies (1ms)
				RefreshPlugins (7ms)
				BeforeProcessingInitializeOnLoad (172ms)
				ProcessInitializeOnLoadAttributes (406ms)
				ProcessInitializeOnLoadMethodAttributes (35ms)
				AfterProcessingInitializeOnLoad (7ms)
				EditorAssembliesLoaded (1ms)
			ExecutionOrderSort2 (0ms)
			AwakeInstancesAfterBackupRestoration (11ms)
Platform modules already initialized, skipping
========================================================================
Worker process is ready to serve import requests
Launched and connected shader compiler UnityShaderCompiler.exe after 0.14 seconds
Refreshing native plugins compatible for Editor in 2.29 ms, found 3 plugins.
Preloading 0 native plugins for Editor in 0.00 ms.
Unloading 1750 Unused Serialized files (Serialized files now loaded: 0)
System memory in use before: 77.5 MB.
System memory in use after: 77.5 MB.

Unloading 28 unused Assets to reduce memory usage. Loaded Objects now: 2187.
Total: 9.270100 ms (FindLiveObjects: 0.775800 ms CreateObjectMapping: 0.372100 ms MarkObjects: 7.873600 ms  DeleteObjects: 0.241000 ms)

AssetImportParameters requested are different than current active one (requested -> active):
  custom:framework-win-MediaFoundation: 216162199b28c13a410421893ffa2e32 -> 
  custom:video-decoder-ogg-theora: a1e56fd34408186e4bbccfd4996cb3dc -> 
  custom:container-muxer-webm: aa71ff27fc2769a1b78a27578f13a17b -> 
  custom:container-demuxer-webm: 4f35f7cbe854078d1ac9338744f61a02 -> 
  custom:container-demuxer-ogg: 62fdf1f143b41e24485cea50d1cbac27 -> 
  custom:video-encoder-webm-vp8: eb34c28f22e8b96e1ab97ce403110664 -> 
  custom:video-decoder-webm-vp8: 9c59270c3fd7afecdb556c50c9e8de78 -> 
  custom:audio-decoder-ogg-vorbis: bf7c407c2cedff20999df2af8eb42d56 -> 
  custom:audio-encoder-webm-vorbis: bf7c407c2cedff20999df2af8eb42d56 -> 
========================================================================
Received Import Request.
  path: Assets/TWO_SAPIENS_2S_JOHN_BASIC/2S_Floor/2S_Floor_Displacement.png
  artifactKey: Guid(84e9bdede4c8a0a42b7d2c01b61f9ea0) Importer(815301076,1909f56bfc062723c751e8b465ee728b)
Start importing Assets/TWO_SAPIENS_2S_JOHN_BASIC/2S_Floor/2S_Floor_Displacement.png using Guid(84e9bdede4c8a0a42b7d2c01b61f9ea0) Importer(815301076,1909f56bfc062723c751e8b465ee728b)  -> (artifact id: '0fea06c1d6dd36aca0a97563f0928ae0') in 0.183293 seconds 
========================================================================
Received Import Request.
  Time since last request: 0.000883 seconds.
  path: Assets/TWO_SAPIENS_2S_JOHN_BASIC/2S_Floor/2S_Floor.prefab
  artifactKey: Guid(be4505638b911b046bb456fab9719798) Importer(815301076,1909f56bfc062723c751e8b465ee728b)
Start importing Assets/TWO_SAPIENS_2S_JOHN_BASIC/2S_Floor/2S_Floor.prefab using Guid(be4505638b911b046bb456fab9719798) Importer(815301076,1909f56bfc062723c751e8b465ee728b)  -> (artifact id: 'c2525342706bcead63eeae3d297437dc') in 0.678445 seconds 
========================================================================
Received Import Request.
  Time since last request: 0.000773 seconds.
  path: Assets/TWO_SAPIENS_2S_JOHN_BASIC/2S_Prefab_John_Ranger/John_Basic_version.prefab
  artifactKey: Guid(0799fe5504304a64fa09c8209ba2ed6a) Importer(815301076,1909f56bfc062723c751e8b465ee728b)
Start importing Assets/TWO_SAPIENS_2S_JOHN_BASIC/2S_Prefab_John_Ranger/John_Basic_version.prefab using Guid(0799fe5504304a64fa09c8209ba2ed6a) Importer(815301076,1909f56bfc062723c751e8b465ee728b)  -> (artifact id: 'c81cd725cf120cc46113aa2ed1d825a6') in 0.855939 seconds 
========================================================================
Received Import Request.
  Time since last request: 0.001085 seconds.
  path: Assets/TWO_SAPIENS_2S_JOHN_BASIC/2S_Floor/2S_Floor_Albedo.png
  artifactKey: Guid(3165eb96ca8374d41a18b9e0a92a6e66) Importer(815301076,1909f56bfc062723c751e8b465ee728b)
Start importing Assets/TWO_SAPIENS_2S_JOHN_BASIC/2S_Floor/2S_Floor_Albedo.png using Guid(3165eb96ca8374d41a18b9e0a92a6e66) Importer(815301076,1909f56bfc062723c751e8b465ee728b)  -> (artifact id: 'd6d608c823a1648a51e2402e21079728') in 0.040247 seconds 
========================================================================
Received Import Request.
  Time since last request: 0.000581 seconds.
  path: Assets/TWO_SAPIENS_2S_JOHN_BASIC/2S_Floor/Materials/2S_Floor_.mat
  artifactKey: Guid(3c95f871863249c4885e8d5c2b37471f) Importer(815301076,1909f56bfc062723c751e8b465ee728b)
Start importing Assets/TWO_SAPIENS_2S_JOHN_BASIC/2S_Floor/Materials/2S_Floor_.mat using Guid(3c95f871863249c4885e8d5c2b37471f) Importer(815301076,1909f56bfc062723c751e8b465ee728b)  -> (artifact id: '4ae5c08460f6565bfc8862570955542b') in 0.138520 seconds 
========================================================================
Received Import Request.
  Time since last request: 0.000660 seconds.
  path: Assets/TWO_SAPIENS_2S_JOHN_BASIC/2S_Floor/2S_Floor_Normal.png
  artifactKey: Guid(408a61a0829ce08439e0b82a426d3ca1) Importer(815301076,1909f56bfc062723c751e8b465ee728b)
Start importing Assets/TWO_SAPIENS_2S_JOHN_BASIC/2S_Floor/2S_Floor_Normal.png using Guid(408a61a0829ce08439e0b82a426d3ca1) Importer(815301076,1909f56bfc062723c751e8b465ee728b)  -> (artifact id: 'cfcb6dc10acffc49180a3fa20cf7528c') in 0.054285 seconds 
========================================================================
Received Import Request.
  Time since last request: 2.701430 seconds.
  path: Assets/TWO_SAPIENS_2S_JOHN_BASIC/2S_Textures_John_Ranger/2S_John_Character
  artifactKey: Guid(8230729ea80379c44a299c696ac11785) Importer(815301076,1909f56bfc062723c751e8b465ee728b)
Start importing Assets/TWO_SAPIENS_2S_JOHN_BASIC/2S_Textures_John_Ranger/2S_John_Character using Guid(8230729ea80379c44a299c696ac11785) Importer(815301076,1909f56bfc062723c751e8b465ee728b)  -> (artifact id: '9ad71b24f2a3eec4d82893ee1c53f809') in 0.024189 seconds 
========================================================================
Received Import Request.
  Time since last request: 0.849752 seconds.
  path: Assets/TWO_SAPIENS_2S_JOHN_BASIC/2S_Textures_John_Ranger/2S_John_Character/2S_Cloths_John_Ranger
  artifactKey: Guid(d2c908933be294f4daae62ee6f6973a1) Importer(815301076,1909f56bfc062723c751e8b465ee728b)
Start importing Assets/TWO_SAPIENS_2S_JOHN_BASIC/2S_Textures_John_Ranger/2S_John_Character/2S_Cloths_John_Ranger using Guid(d2c908933be294f4daae62ee6f6973a1) Importer(815301076,1909f56bfc062723c751e8b465ee728b)  -> (artifact id: '64c5bb903d29bff5c52953b35a889f5d') in 0.013499 seconds 
========================================================================
Received Import Request.
  Time since last request: 1.624128 seconds.
  path: Assets/TWO_SAPIENS_2S_JOHN_BASIC/2S_Textures_John_Ranger/2S_John_Character/2S_Generic_John_Ranger/2S_Censored_Albedo_John_Ranger.png
  artifactKey: Guid(ad5029014f37db8469f556437c8632fe) Importer(815301076,1909f56bfc062723c751e8b465ee728b)
Start importing Assets/TWO_SAPIENS_2S_JOHN_BASIC/2S_Textures_John_Ranger/2S_John_Character/2S_Generic_John_Ranger/2S_Censored_Albedo_John_Ranger.png using Guid(ad5029014f37db8469f556437c8632fe) Importer(815301076,1909f56bfc062723c751e8b465ee728b)  -> (artifact id: 'ee36f55b13d2d7a970bdc5ea46b8cf17') in 0.032388 seconds 
========================================================================
Received Import Request.
  Time since last request: 0.000877 seconds.
  path: Assets/TWO_SAPIENS_2S_JOHN_BASIC/2S_Textures_John_Ranger/2S_John_Character/2S_Generic_John_Ranger/2S_Censored_Displacement_John_Ranger.png
  artifactKey: Guid(a242828d7ec213b4085adec1a27c64fa) Importer(815301076,1909f56bfc062723c751e8b465ee728b)
Start importing Assets/TWO_SAPIENS_2S_JOHN_BASIC/2S_Textures_John_Ranger/2S_John_Character/2S_Generic_John_Ranger/2S_Censored_Displacement_John_Ranger.png using Guid(a242828d7ec213b4085adec1a27c64fa) Importer(815301076,1909f56bfc062723c751e8b465ee728b)  -> (artifact id: '6cddf4d19a963a1a8b51e1cc97060d0c') in 0.034249 seconds 
========================================================================
Received Import Request.
  Time since last request: 0.000687 seconds.
  path: Assets/TWO_SAPIENS_2S_JOHN_BASIC/2S_Textures_John_Ranger/2S_John_Character/2S_Generic_John_Ranger/2S_Censored_Specular_John_Ranger.png
  artifactKey: Guid(dcf496d00a47f5845a5279be49bc0222) Importer(815301076,1909f56bfc062723c751e8b465ee728b)
Start importing Assets/TWO_SAPIENS_2S_JOHN_BASIC/2S_Textures_John_Ranger/2S_John_Character/2S_Generic_John_Ranger/2S_Censored_Specular_John_Ranger.png using Guid(dcf496d00a47f5845a5279be49bc0222) Importer(815301076,1909f56bfc062723c751e8b465ee728b)  -> (artifact id: '065a93bf3b8f23458442d701b433416e') in 0.039101 seconds 
========================================================================
Received Import Request.
  Time since last request: 0.001808 seconds.
  path: Assets/TWO_SAPIENS_2S_JOHN_BASIC/2S_Textures_John_Ranger/2S_John_Character/2S_Generic_John_Ranger/2S_Censored_Normal_John_Ranger.png
  artifactKey: Guid(fcb4ccce4da71fe47a0fe0b48ed9ea21) Importer(815301076,1909f56bfc062723c751e8b465ee728b)
Start importing Assets/TWO_SAPIENS_2S_JOHN_BASIC/2S_Textures_John_Ranger/2S_John_Character/2S_Generic_John_Ranger/2S_Censored_Normal_John_Ranger.png using Guid(fcb4ccce4da71fe47a0fe0b48ed9ea21) Importer(815301076,1909f56bfc062723c751e8b465ee728b)  -> (artifact id: '04b35db397a2baa2c578e77d4b7e12ad') in 0.034694 seconds 
========================================================================
Received Import Request.
  Time since last request: 0.000703 seconds.
  path: Assets/TWO_SAPIENS_2S_JOHN_BASIC/2S_Textures_John_Ranger/2S_John_Character/2S_Generic_John_Ranger/2S_Censored_Occlusion_John_Ranger.png
  artifactKey: Guid(18a8b68d544f0d14189098f747bf84a0) Importer(815301076,1909f56bfc062723c751e8b465ee728b)
Start importing Assets/TWO_SAPIENS_2S_JOHN_BASIC/2S_Textures_John_Ranger/2S_John_Character/2S_Generic_John_Ranger/2S_Censored_Occlusion_John_Ranger.png using Guid(18a8b68d544f0d14189098f747bf84a0) Importer(815301076,1909f56bfc062723c751e8b465ee728b)  -> (artifact id: '08a441e9964faf3abdc7716662b9f59f') in 0.032150 seconds 
========================================================================
Received Import Request.
  Time since last request: 1.144816 seconds.
  path: Assets/TWO_SAPIENS_2S_JOHN_BASIC/2S_Textures_John_Ranger/2S_John_Character/2S_Generic_John_Ranger/Materials/2S_Censored_John_Ranger.mat
  artifactKey: Guid(d8e1acf9c76227941991c12d28e12380) Importer(815301076,1909f56bfc062723c751e8b465ee728b)
Start importing Assets/TWO_SAPIENS_2S_JOHN_BASIC/2S_Textures_John_Ranger/2S_John_Character/2S_Generic_John_Ranger/Materials/2S_Censored_John_Ranger.mat using Guid(d8e1acf9c76227941991c12d28e12380) Importer(815301076,1909f56bfc062723c751e8b465ee728b)  -> (artifact id: 'b9d740fe8a3b6aa227b1dd79a855dd33') in 0.054743 seconds 
========================================================================
Received Import Request.
  Time since last request: 1.507941 seconds.
  path: Assets/TWO_SAPIENS_2S_JOHN_BASIC/2S_Textures_John_Ranger/2S_John_Character/2S_Face_John_Ranger/2S_Body/2S_Body_ao.png
  artifactKey: Guid(d60e850a7308aa342bf87ef2c9f3c603) Importer(815301076,1909f56bfc062723c751e8b465ee728b)
Start importing Assets/TWO_SAPIENS_2S_JOHN_BASIC/2S_Textures_John_Ranger/2S_John_Character/2S_Face_John_Ranger/2S_Body/2S_Body_ao.png using Guid(d60e850a7308aa342bf87ef2c9f3c603) Importer(815301076,1909f56bfc062723c751e8b465ee728b)  -> (artifact id: '014c74c5ee6557b6e1a934f26d5ba4ab') in 0.035286 seconds 
========================================================================
Received Import Request.
  Time since last request: 0.000475 seconds.
  path: Assets/TWO_SAPIENS_2S_JOHN_BASIC/2S_Textures_John_Ranger/2S_John_Character/2S_Face_John_Ranger/2S_Body/2S_Body_roughness.png
  artifactKey: Guid(ea09402b242a38049836159ab06e27e0) Importer(815301076,1909f56bfc062723c751e8b465ee728b)
Start importing Assets/TWO_SAPIENS_2S_JOHN_BASIC/2S_Textures_John_Ranger/2S_John_Character/2S_Face_John_Ranger/2S_Body/2S_Body_roughness.png using Guid(ea09402b242a38049836159ab06e27e0) Importer(815301076,1909f56bfc062723c751e8b465ee728b)  -> (artifact id: '61f4f0e1e74bd613ce867292fd641428') in 0.033148 seconds 
========================================================================
Received Import Request.
  Time since last request: 0.000512 seconds.
  path: Assets/TWO_SAPIENS_2S_JOHN_BASIC/2S_Textures_John_Ranger/2S_John_Character/2S_Face_John_Ranger/2S_Body/2S_Body_metallic.png
  artifactKey: Guid(c4afa9ed84839524eb6a8082b59a1d7e) Importer(815301076,1909f56bfc062723c751e8b465ee728b)
Start importing Assets/TWO_SAPIENS_2S_JOHN_BASIC/2S_Textures_John_Ranger/2S_John_Character/2S_Face_John_Ranger/2S_Body/2S_Body_metallic.png using Guid(c4afa9ed84839524eb6a8082b59a1d7e) Importer(815301076,1909f56bfc062723c751e8b465ee728b)  -> (artifact id: 'd6d879df0123c64ca70595ed4aa35aa9') in 0.035544 seconds 
========================================================================
Received Import Request.
  Time since last request: 0.000470 seconds.
  path: Assets/TWO_SAPIENS_2S_JOHN_BASIC/2S_Textures_John_Ranger/2S_John_Character/2S_Face_John_Ranger/2S_Body/2S_Body_Diffuse.png
  artifactKey: Guid(f1f87d7c4038b5449a8b9e9d73da77e2) Importer(815301076,1909f56bfc062723c751e8b465ee728b)
Start importing Assets/TWO_SAPIENS_2S_JOHN_BASIC/2S_Textures_John_Ranger/2S_John_Character/2S_Face_John_Ranger/2S_Body/2S_Body_Diffuse.png using Guid(f1f87d7c4038b5449a8b9e9d73da77e2) Importer(815301076,1909f56bfc062723c751e8b465ee728b)  -> (artifact id: '5076b828b90182f6056fd8ec43c5c22e') in 0.032782 seconds 
========================================================================
Received Import Request.
  Time since last request: 0.000477 seconds.
  path: Assets/TWO_SAPIENS_2S_JOHN_BASIC/2S_Textures_John_Ranger/2S_John_Character/2S_Face_John_Ranger/2S_Body/2S_Body_Normal.png
  artifactKey: Guid(ca3cb01fc6db8094d9f0d4e91f0900e8) Importer(815301076,1909f56bfc062723c751e8b465ee728b)
Start importing Assets/TWO_SAPIENS_2S_JOHN_BASIC/2S_Textures_John_Ranger/2S_John_Character/2S_Face_John_Ranger/2S_Body/2S_Body_Normal.png using Guid(ca3cb01fc6db8094d9f0d4e91f0900e8) Importer(815301076,1909f56bfc062723c751e8b465ee728b)  -> (artifact id: '3852ad3e269e37d451d1b8c3a911ae27') in 0.049012 seconds 
========================================================================
Received Import Request.
  Time since last request: 0.495917 seconds.
  path: Assets/TWO_SAPIENS_2S_JOHN_BASIC/2S_Textures_John_Ranger/2S_John_Character/2S_Face_John_Ranger/2S_Arm/2S_Arm_ao.png
  artifactKey: Guid(044569848dd13fb40b92213be1ae7060) Importer(815301076,1909f56bfc062723c751e8b465ee728b)
Start importing Assets/TWO_SAPIENS_2S_JOHN_BASIC/2S_Textures_John_Ranger/2S_John_Character/2S_Face_John_Ranger/2S_Arm/2S_Arm_ao.png using Guid(044569848dd13fb40b92213be1ae7060) Importer(815301076,1909f56bfc062723c751e8b465ee728b)  -> (artifact id: '88c3cfc8578b331c4fed5132692ec765') in 0.028929 seconds 
========================================================================
Received Import Request.
  Time since last request: 0.001238 seconds.
  path: Assets/TWO_SAPIENS_2S_JOHN_BASIC/2S_Textures_John_Ranger/2S_John_Character/2S_Face_John_Ranger/2S_Arm/2S_Arm_Diffuse.png
  artifactKey: Guid(1b2f96f390ee9a94288a8ae5553185c3) Importer(815301076,1909f56bfc062723c751e8b465ee728b)
Start importing Assets/TWO_SAPIENS_2S_JOHN_BASIC/2S_Textures_John_Ranger/2S_John_Character/2S_Face_John_Ranger/2S_Arm/2S_Arm_Diffuse.png using Guid(1b2f96f390ee9a94288a8ae5553185c3) Importer(815301076,1909f56bfc062723c751e8b465ee728b)  -> (artifact id: '7fb15ff4db34b3fc36dd4913a81616d8') in 0.034298 seconds 
========================================================================
Received Import Request.
  Time since last request: 0.000883 seconds.
  path: Assets/TWO_SAPIENS_2S_JOHN_BASIC/2S_Textures_John_Ranger/2S_John_Character/2S_Face_John_Ranger/2S_Arm/2S_Arm_roughness.png
  artifactKey: Guid(a1164f325d2344043ad1c06045ebee1c) Importer(815301076,1909f56bfc062723c751e8b465ee728b)
Start importing Assets/TWO_SAPIENS_2S_JOHN_BASIC/2S_Textures_John_Ranger/2S_John_Character/2S_Face_John_Ranger/2S_Arm/2S_Arm_roughness.png using Guid(a1164f325d2344043ad1c06045ebee1c) Importer(815301076,1909f56bfc062723c751e8b465ee728b)  -> (artifact id: '3efe36f95cff991bbd5edccca8eda959') in 0.028853 seconds 
========================================================================
Received Import Request.
  Time since last request: 0.000967 seconds.
  path: Assets/TWO_SAPIENS_2S_JOHN_BASIC/2S_Textures_John_Ranger/2S_John_Character/2S_Face_John_Ranger/2S_Arm/2S_Arm_Normal.png
  artifactKey: Guid(494701563301c954dab682ff74081dbe) Importer(815301076,1909f56bfc062723c751e8b465ee728b)
Start importing Assets/TWO_SAPIENS_2S_JOHN_BASIC/2S_Textures_John_Ranger/2S_John_Character/2S_Face_John_Ranger/2S_Arm/2S_Arm_Normal.png using Guid(494701563301c954dab682ff74081dbe) Importer(815301076,1909f56bfc062723c751e8b465ee728b)  -> (artifact id: '27fd7c7a8456f7848eb5da217a893b8a') in 0.036763 seconds 
========================================================================
Received Import Request.
  Time since last request: 0.000632 seconds.
  path: Assets/TWO_SAPIENS_2S_JOHN_BASIC/2S_Textures_John_Ranger/2S_John_Character/2S_Face_John_Ranger/2S_Arm/2S_Arm_TransmissionMap.png
  artifactKey: Guid(ce09e6f202bf92f4bb0a4e081aca37c0) Importer(815301076,1909f56bfc062723c751e8b465ee728b)
Start importing Assets/TWO_SAPIENS_2S_JOHN_BASIC/2S_Textures_John_Ranger/2S_John_Character/2S_Face_John_Ranger/2S_Arm/2S_Arm_TransmissionMap.png using Guid(ce09e6f202bf92f4bb0a4e081aca37c0) Importer(815301076,1909f56bfc062723c751e8b465ee728b)  -> (artifact id: '95368480213c854d4c5160062ad1249e') in 0.033801 seconds 
========================================================================
Received Import Request.
  Time since last request: 0.049539 seconds.
  path: Assets/TWO_SAPIENS_2S_JOHN_BASIC/2S_Textures_John_Ranger/2S_John_Character/2S_Face_John_Ranger/2S_Eyelash_John_Ranger/2S_Eyelash_Albedo_John_Ranger.png
  artifactKey: Guid(b03499364b24aad43960b3ea2a22958d) Importer(815301076,1909f56bfc062723c751e8b465ee728b)
Start importing Assets/TWO_SAPIENS_2S_JOHN_BASIC/2S_Textures_John_Ranger/2S_John_Character/2S_Face_John_Ranger/2S_Eyelash_John_Ranger/2S_Eyelash_Albedo_John_Ranger.png using Guid(b03499364b24aad43960b3ea2a22958d) Importer(815301076,1909f56bfc062723c751e8b465ee728b)  -> (artifact id: '6931992b25e5deb631f580ab38850ebb') in 0.046979 seconds 
========================================================================
Received Import Request.
  Time since last request: 1.998564 seconds.
  path: Assets/TWO_SAPIENS_2S_JOHN_BASIC/2S_Textures_John_Ranger/2S_John_Character/2S_Cloths_John_Ranger/2S_Boots_John/2S_Boots_John_Ranger_Albedo.png
  artifactKey: Guid(2ce5222b5ccacb641860b044161d2e9f) Importer(815301076,1909f56bfc062723c751e8b465ee728b)
Start importing Assets/TWO_SAPIENS_2S_JOHN_BASIC/2S_Textures_John_Ranger/2S_John_Character/2S_Cloths_John_Ranger/2S_Boots_John/2S_Boots_John_Ranger_Albedo.png using Guid(2ce5222b5ccacb641860b044161d2e9f) Importer(815301076,1909f56bfc062723c751e8b465ee728b)  -> (artifact id: '927f777261d2b620020c1fdd6752ac7c') in 0.057672 seconds 
========================================================================
Received Import Request.
  Time since last request: 0.000624 seconds.
  path: Assets/TWO_SAPIENS_2S_JOHN_BASIC/2S_Textures_John_Ranger/2S_John_Character/2S_Cloths_John_Ranger/2S_Boots_John/2S_Boots_John_Ranger_Occlusion.png
  artifactKey: Guid(4660265a802243a4dac49cd5a9a9a31e) Importer(815301076,1909f56bfc062723c751e8b465ee728b)
Start importing Assets/TWO_SAPIENS_2S_JOHN_BASIC/2S_Textures_John_Ranger/2S_John_Character/2S_Cloths_John_Ranger/2S_Boots_John/2S_Boots_John_Ranger_Occlusion.png using Guid(4660265a802243a4dac49cd5a9a9a31e) Importer(815301076,1909f56bfc062723c751e8b465ee728b)  -> (artifact id: 'fa288ea06745e5bc7db4836e3171c8f4') in 0.055107 seconds 
========================================================================
Received Import Request.
  Time since last request: 0.000860 seconds.
  path: Assets/TWO_SAPIENS_2S_JOHN_BASIC/2S_Textures_John_Ranger/2S_John_Character/2S_Cloths_John_Ranger/2S_Boots_John/2S_Boots_John_Ranger_Normal.png
  artifactKey: Guid(8b62933964a027040b540be61a4513e9) Importer(815301076,1909f56bfc062723c751e8b465ee728b)
Start importing Assets/TWO_SAPIENS_2S_JOHN_BASIC/2S_Textures_John_Ranger/2S_John_Character/2S_Cloths_John_Ranger/2S_Boots_John/2S_Boots_John_Ranger_Normal.png using Guid(8b62933964a027040b540be61a4513e9) Importer(815301076,1909f56bfc062723c751e8b465ee728b)  -> (artifact id: 'f98610ca62a84209af3f2005fa10fd51') in 0.050643 seconds 
========================================================================
Received Import Request.
  Time since last request: 0.000589 seconds.
  path: Assets/TWO_SAPIENS_2S_JOHN_BASIC/2S_Textures_John_Ranger/2S_John_Character/2S_Cloths_John_Ranger/2S_Boots_John/2S_Boots_John_Ranger_Metallic.png
  artifactKey: Guid(a0431b6ea47fd554e8fb8c7840200735) Importer(815301076,1909f56bfc062723c751e8b465ee728b)
Start importing Assets/TWO_SAPIENS_2S_JOHN_BASIC/2S_Textures_John_Ranger/2S_John_Character/2S_Cloths_John_Ranger/2S_Boots_John/2S_Boots_John_Ranger_Metallic.png using Guid(a0431b6ea47fd554e8fb8c7840200735) Importer(815301076,1909f56bfc062723c751e8b465ee728b)  -> (artifact id: 'c8f9e89499a55487484f8904c049bc87') in 0.042679 seconds 
========================================================================
Received Import Request.
  Time since last request: 0.000718 seconds.
  path: Assets/TWO_SAPIENS_2S_JOHN_BASIC/2S_Textures_John_Ranger/2S_John_Character/2S_Cloths_John_Ranger/2S_Boots_John/2S_Boots_John_Ranger_Height.png
  artifactKey: Guid(3a6615996b8c63d4ba0d1b0986b913a1) Importer(815301076,1909f56bfc062723c751e8b465ee728b)
Start importing Assets/TWO_SAPIENS_2S_JOHN_BASIC/2S_Textures_John_Ranger/2S_John_Character/2S_Cloths_John_Ranger/2S_Boots_John/2S_Boots_John_Ranger_Height.png using Guid(3a6615996b8c63d4ba0d1b0986b913a1) Importer(815301076,1909f56bfc062723c751e8b465ee728b)  -> (artifact id: 'a85928e1c3bd4ccad1755d798a608683') in 0.034906 seconds 
========================================================================
Received Import Request.
  Time since last request: 0.194696 seconds.
  path: Assets/TWO_SAPIENS_2S_JOHN_BASIC/2S_Textures_John_Ranger/2S_John_Character/2S_Cloths_John_Ranger/2S_Uniform_John/Albedo.png
  artifactKey: Guid(c3c2a3c4a57f04848bf17a933e38c016) Importer(815301076,1909f56bfc062723c751e8b465ee728b)
Start importing Assets/TWO_SAPIENS_2S_JOHN_BASIC/2S_Textures_John_Ranger/2S_John_Character/2S_Cloths_John_Ranger/2S_Uniform_John/Albedo.png using Guid(c3c2a3c4a57f04848bf17a933e38c016) Importer(815301076,1909f56bfc062723c751e8b465ee728b)  -> (artifact id: '466910c35124882a57bbe2eaf8ba29d4') in 0.048087 seconds 
========================================================================
Received Import Request.
  Time since last request: 0.000524 seconds.
  path: Assets/TWO_SAPIENS_2S_JOHN_BASIC/2S_Textures_John_Ranger/2S_John_Character/2S_Cloths_John_Ranger/2S_Uniform_John/Normal.png
  artifactKey: Guid(34967ec812b52954db4cc95f21c33f82) Importer(815301076,1909f56bfc062723c751e8b465ee728b)
Start importing Assets/TWO_SAPIENS_2S_JOHN_BASIC/2S_Textures_John_Ranger/2S_John_Character/2S_Cloths_John_Ranger/2S_Uniform_John/Normal.png using Guid(34967ec812b52954db4cc95f21c33f82) Importer(815301076,1909f56bfc062723c751e8b465ee728b)  -> (artifact id: '8d334b4b91fc44776b88a23df1a93563') in 0.036050 seconds 
========================================================================
Received Import Request.
  Time since last request: 0.000709 seconds.
  path: Assets/TWO_SAPIENS_2S_JOHN_BASIC/2S_Textures_John_Ranger/2S_John_Character/2S_Cloths_John_Ranger/2S_Uniform_John/occlusion.png
  artifactKey: Guid(978145cdd6d2b834cad61e0cbe072d1b) Importer(815301076,1909f56bfc062723c751e8b465ee728b)
Start importing Assets/TWO_SAPIENS_2S_JOHN_BASIC/2S_Textures_John_Ranger/2S_John_Character/2S_Cloths_John_Ranger/2S_Uniform_John/occlusion.png using Guid(978145cdd6d2b834cad61e0cbe072d1b) Importer(815301076,1909f56bfc062723c751e8b465ee728b)  -> (artifact id: '2a47c026851630316a55b833e0b543c3') in 0.047134 seconds 
========================================================================
Received Import Request.
  Time since last request: 0.000518 seconds.
  path: Assets/TWO_SAPIENS_2S_JOHN_BASIC/2S_Textures_John_Ranger/2S_John_Character/2S_Cloths_John_Ranger/2S_Uniform_John/Height.png
  artifactKey: Guid(86e3c27067e8ba1409eb6a5d0f0518e3) Importer(815301076,1909f56bfc062723c751e8b465ee728b)
Start importing Assets/TWO_SAPIENS_2S_JOHN_BASIC/2S_Textures_John_Ranger/2S_John_Character/2S_Cloths_John_Ranger/2S_Uniform_John/Height.png using Guid(86e3c27067e8ba1409eb6a5d0f0518e3) Importer(815301076,1909f56bfc062723c751e8b465ee728b)  -> (artifact id: '69a95f33a2f7723a50be210082d642b5') in 0.034194 seconds 
========================================================================
Received Import Request.
  Time since last request: 0.000864 seconds.
  path: Assets/TWO_SAPIENS_2S_JOHN_BASIC/2S_Textures_John_Ranger/2S_John_Character/2S_Cloths_John_Ranger/2S_Uniform_John/Metallic.png
  artifactKey: Guid(995cc67963f89fc4fb24b780d2a2bfd9) Importer(815301076,1909f56bfc062723c751e8b465ee728b)
Start importing Assets/TWO_SAPIENS_2S_JOHN_BASIC/2S_Textures_John_Ranger/2S_John_Character/2S_Cloths_John_Ranger/2S_Uniform_John/Metallic.png using Guid(995cc67963f89fc4fb24b780d2a2bfd9) Importer(815301076,1909f56bfc062723c751e8b465ee728b)  -> (artifact id: 'e630a9b926faa3e3dd00fd4ad9ad9e91') in 0.043510 seconds 
========================================================================
Received Import Request.
  Time since last request: 1.391530 seconds.
  path: Assets/TWO_SAPIENS_2S_JOHN_BASIC/2S_Textures_John_Ranger/2S_John_Character/2S_Cloths_John_Ranger/2S_Uniform_John/Materials
  artifactKey: Guid(9ae7c42d240c4084a8132dae04aa983b) Importer(815301076,1909f56bfc062723c751e8b465ee728b)
Start importing Assets/TWO_SAPIENS_2S_JOHN_BASIC/2S_Textures_John_Ranger/2S_John_Character/2S_Cloths_John_Ranger/2S_Uniform_John/Materials using Guid(9ae7c42d240c4084a8132dae04aa983b) Importer(815301076,1909f56bfc062723c751e8b465ee728b)  -> (artifact id: '68513bb98ee74960ac608c2979f3de37') in 0.025850 seconds 
========================================================================
Received Import Request.
  Time since last request: 0.015050 seconds.
  path: Assets/TWO_SAPIENS_2S_JOHN_BASIC/2S_Textures_John_Ranger/2S_John_Character/2S_Cloths_John_Ranger/2S_Uniform_John/Materials/Albedo.mat
  artifactKey: Guid(ec82317b4cf8aad4fb35836e7fcfae8c) Importer(815301076,1909f56bfc062723c751e8b465ee728b)
Start importing Assets/TWO_SAPIENS_2S_JOHN_BASIC/2S_Textures_John_Ranger/2S_John_Character/2S_Cloths_John_Ranger/2S_Uniform_John/Materials/Albedo.mat using Guid(ec82317b4cf8aad4fb35836e7fcfae8c) Importer(815301076,1909f56bfc062723c751e8b465ee728b)  -> (artifact id: '490b4b4f71b4926e83fb37b90c83d903') in 0.064010 seconds 
========================================================================
Received Import Request.
  Time since last request: 4.620873 seconds.
  path: Assets/TWO_SAPIENS_2S_JOHN_BASIC/2S_Textures_John_Ranger/2S_John_Character/2S_Cloths_John_Ranger/2S_Boots_John/Materials/2S_Boots_John_Ranger.mat
  artifactKey: Guid(586e54d16f274b74a9f851e92845e914) Importer(815301076,1909f56bfc062723c751e8b465ee728b)
Start importing Assets/TWO_SAPIENS_2S_JOHN_BASIC/2S_Textures_John_Ranger/2S_John_Character/2S_Cloths_John_Ranger/2S_Boots_John/Materials/2S_Boots_John_Ranger.mat using Guid(586e54d16f274b74a9f851e92845e914) Importer(815301076,1909f56bfc062723c751e8b465ee728b)  -> (artifact id: 'd6eeb4773bafca327312ab69cc83b5b7') in 0.068498 seconds 
========================================================================
Received Prepare
Registering precompiled user dll's ...
Registered in 0.014091 seconds.
Begin MonoManager ReloadAssembly
Native extension for WindowsStandalone target not found
Native extension for WebGL target not found
Refreshing native plugins compatible for Editor in 2.00 ms, found 3 plugins.
Preloading 0 native plugins for Editor in 0.00 ms.
Mono: successfully reloaded assembly
- Completed reload, in  2.439 seconds
Domain Reload Profiling:
	ReloadAssembly (2441ms)
		BeginReloadAssembly (514ms)
			ExecutionOrderSort (0ms)
			DisableScriptedObjects (19ms)
			BackupInstance (0ms)
			ReleaseScriptingObjects (0ms)
			CreateAndSetChildDomain (212ms)
		EndReloadAssembly (1761ms)
			LoadAssemblies (338ms)
			RebuildTransferFunctionScriptingTraits (0ms)
			SetupTypeCache (638ms)
			ReleaseScriptCaches (3ms)
			RebuildScriptCaches (80ms)
			SetupLoadedEditorAssemblies (641ms)
				LogAssemblyErrors (0ms)
				InitializePlatformSupportModulesInManaged (12ms)
				SetLoadedEditorAssemblies (1ms)
				RefreshPlugins (3ms)
				BeforeProcessingInitializeOnLoad (186ms)
				ProcessInitializeOnLoadAttributes (391ms)
				ProcessInitializeOnLoadMethodAttributes (35ms)
				AfterProcessingInitializeOnLoad (12ms)
				EditorAssembliesLoaded (1ms)
			ExecutionOrderSort2 (0ms)
			AwakeInstancesAfterBackupRestoration (14ms)
Platform modules already initialized, skipping
Refreshing native plugins compatible for Editor in 1.72 ms, found 3 plugins.
Preloading 0 native plugins for Editor in 0.00 ms.
Unloading 1742 Unused Serialized files (Serialized files now loaded: 0)
System memory in use before: 80.5 MB.
System memory in use after: 80.6 MB.

Unloading 19 unused Assets to reduce memory usage. Loaded Objects now: 2234.
Total: 8.386700 ms (FindLiveObjects: 0.858800 ms CreateObjectMapping: 0.448200 ms MarkObjects: 6.978400 ms  DeleteObjects: 0.095900 ms)

AssetImportParameters requested are different than current active one (requested -> active):
  custom:framework-win-MediaFoundation: 216162199b28c13a410421893ffa2e32 -> 
  custom:video-decoder-ogg-theora: a1e56fd34408186e4bbccfd4996cb3dc -> 
  custom:container-muxer-webm: aa71ff27fc2769a1b78a27578f13a17b -> 
  custom:container-demuxer-webm: 4f35f7cbe854078d1ac9338744f61a02 -> 
  custom:container-demuxer-ogg: 62fdf1f143b41e24485cea50d1cbac27 -> 
  custom:video-encoder-webm-vp8: eb34c28f22e8b96e1ab97ce403110664 -> 
  custom:video-decoder-webm-vp8: 9c59270c3fd7afecdb556c50c9e8de78 -> 
  custom:audio-decoder-ogg-vorbis: bf7c407c2cedff20999df2af8eb42d56 -> 
  custom:audio-encoder-webm-vorbis: bf7c407c2cedff20999df2af8eb42d56 -> 
AssetImportWorkerClient::OnTransportError - code=2 error=End of file
